<?xml version="1.0" encoding="UTF-8"?>
<!-- Generated by org.testng.reporters.JUnitXMLReporter -->
<testsuite ignored="0" hostname="LAPTOP-K1MJ6LRE" failures="1" tests="2" name="Test" time="0.056" errors="0" timestamp="2024-12-11T14:46:40 IST">
  <testcase classname="TestNG_Package.TestListenerExample" name="testMethod1" time="0.008"/>
  <testcase classname="TestNG_Package.TestListenerExample" name="testMethod2" time="0.011">
    <failure type="java.lang.AssertionError" message="expected [7] but found [4]">
      <![CDATA[java.lang.AssertionError: expected [7] but found [4]
at TestNG_Package.TestListenerExample.testMethod2(TestListenerExample.java:18)
at java.base/java.util.ArrayList.forEach(ArrayList.java:1511)
... Removed 34 stack frames]]>
    </failure>
  </testcase> <!-- testMethod2 -->
</testsuite> <!-- Test -->
